{"C:\\Users\\TUTU GODFREY\\desktop\\hello-books\\server\\app.js":{"path":"C:\\Users\\TUTU GODFREY\\desktop\\hello-books\\server\\app.js","s":{"1":1,"2":1,"3":1,"4":1,"5":1,"6":1,"7":1,"8":1,"9":1},"b":{},"f":{},"fnMap":{},"statementMap":{"1":{"start":{"line":1,"column":0},"end":{"line":1,"column":35}},"2":{"start":{"line":2,"column":0},"end":{"line":2,"column":33}},"3":{"start":{"line":3,"column":0},"end":{"line":3,"column":42}},"4":{"start":{"line":7,"column":0},"end":{"line":7,"column":22}},"5":{"start":{"line":10,"column":0},"end":{"line":10,"column":23}},"6":{"start":{"line":13,"column":0},"end":{"line":13,"column":27}},"7":{"start":{"line":14,"column":0},"end":{"line":14,"column":52}},"8":{"start":{"line":16,"column":0},"end":{"line":16,"column":32}},"9":{"start":{"line":18,"column":0},"end":{"line":18,"column":21}}},"branchMap":{}},"C:\\Users\\TUTU GODFREY\\desktop\\hello-books\\server\\server\\routes\\index.js":{"path":"C:\\Users\\TUTU GODFREY\\desktop\\hello-books\\server\\server\\routes\\index.js","s":{"1":1,"2":1,"3":1,"4":1,"5":1,"6":0,"7":1,"8":1,"9":1,"10":1,"11":1,"12":1,"13":1,"14":1,"15":1,"16":1,"17":1,"18":1,"19":1,"20":1,"21":1},"b":{},"f":{},"fnMap":{},"statementMap":{"1":{"start":{"line":2,"column":0},"end":{"line":2,"column":61}},"2":{"start":{"line":3,"column":0},"end":{"line":3,"column":56}},"3":{"start":{"line":4,"column":0},"end":{"line":4,"column":63}},"4":{"start":{"line":8,"column":0},"end":{"line":36,"column":2}},"5":{"start":{"line":10,"column":1},"end":{"line":12,"column":5}},"6":{"start":{"line":10,"column":31},"end":{"line":12,"column":3}},"7":{"start":{"line":14,"column":4},"end":{"line":14,"column":61}},"8":{"start":{"line":15,"column":1},"end":{"line":15,"column":58}},"9":{"start":{"line":16,"column":1},"end":{"line":16,"column":53}},"10":{"start":{"line":17,"column":1},"end":{"line":17,"column":59}},"11":{"start":{"line":18,"column":1},"end":{"line":18,"column":62}},"12":{"start":{"line":19,"column":1},"end":{"line":19,"column":76}},"13":{"start":{"line":23,"column":1},"end":{"line":23,"column":50}},"14":{"start":{"line":24,"column":1},"end":{"line":24,"column":57}},"15":{"start":{"line":25,"column":1},"end":{"line":25,"column":49}},"16":{"start":{"line":26,"column":1},"end":{"line":26,"column":61}},"17":{"start":{"line":29,"column":1},"end":{"line":29,"column":61}},"18":{"start":{"line":31,"column":1},"end":{"line":31,"column":57}},"19":{"start":{"line":32,"column":1},"end":{"line":32,"column":71}},"20":{"start":{"line":33,"column":1},"end":{"line":33,"column":68}},"21":{"start":{"line":34,"column":1},"end":{"line":34,"column":77}}},"branchMap":{}},"C:\\Users\\TUTU GODFREY\\desktop\\hello-books\\server\\server\\controllers\\index.js":{"path":"C:\\Users\\TUTU GODFREY\\desktop\\hello-books\\server\\server\\controllers\\index.js","s":{"1":1,"2":1,"3":1,"4":1},"b":{},"f":{},"fnMap":{},"statementMap":{"1":{"start":{"line":1,"column":0},"end":{"line":1,"column":37}},"2":{"start":{"line":2,"column":0},"end":{"line":2,"column":33}},"3":{"start":{"line":3,"column":0},"end":{"line":3,"column":45}},"4":{"start":{"line":5,"column":0},"end":{"line":9,"column":2}}},"branchMap":{}},"C:\\Users\\TUTU GODFREY\\desktop\\hello-books\\server\\server\\controllers\\reguser.js":{"path":"C:\\Users\\TUTU GODFREY\\desktop\\hello-books\\server\\server\\controllers\\reguser.js","s":{"1":1,"2":1,"3":1,"4":0,"5":0,"6":0,"7":0,"8":0,"9":0,"10":0,"11":0,"12":0,"13":0,"14":0,"15":0,"16":0,"17":0,"18":0,"19":0,"20":2,"21":2,"22":0,"23":0,"24":0,"25":0,"26":0,"27":0,"28":0,"29":0,"30":0,"31":0,"32":0,"33":0,"34":0,"35":0},"b":{"1":[0,0],"2":[0,0],"3":[0,0],"4":[0,0],"5":[0,0],"6":[0,0],"7":[0,0],"8":[0,0],"9":[0,0],"10":[0,0]},"f":{"1":0,"2":0,"3":0,"4":2,"5":0,"6":0,"7":0},"fnMap":{"1":{"name":"(anonymous_1)","line":7,"loc":{"start":{"line":7,"column":6},"end":{"line":7,"column":17}}},"2":{"name":"(anonymous_2)","line":11,"loc":{"start":{"line":11,"column":7},"end":{"line":11,"column":18}}},"3":{"name":"(anonymous_3)","line":44,"loc":{"start":{"line":44,"column":7},"end":{"line":44,"column":18}}},"4":{"name":"(anonymous_4)","line":68,"loc":{"start":{"line":68,"column":10},"end":{"line":68,"column":21}}},"5":{"name":"(anonymous_5)","line":75,"loc":{"start":{"line":75,"column":9},"end":{"line":75,"column":20}}},"6":{"name":"(anonymous_6)","line":87,"loc":{"start":{"line":87,"column":12},"end":{"line":87,"column":23}}},"7":{"name":"(anonymous_7)","line":110,"loc":{"start":{"line":110,"column":10},"end":{"line":110,"column":21}}}},"statementMap":{"1":{"start":{"line":3,"column":0},"end":{"line":3,"column":47}},"2":{"start":{"line":4,"column":0},"end":{"line":4,"column":41}},"3":{"start":{"line":6,"column":0},"end":{"line":127,"column":2}},"4":{"start":{"line":9,"column":2},"end":{"line":9,"column":13}},"5":{"start":{"line":12,"column":2},"end":{"line":12,"column":19}},"6":{"start":{"line":13,"column":2},"end":{"line":13,"column":19}},"7":{"start":{"line":14,"column":2},"end":{"line":41,"column":47}},"8":{"start":{"line":22,"column":3},"end":{"line":39,"column":4}},"9":{"start":{"line":23,"column":3},"end":{"line":35,"column":47}},"10":{"start":{"line":34,"column":18},"end":{"line":34,"column":46}},"11":{"start":{"line":35,"column":18},"end":{"line":35,"column":45}},"12":{"start":{"line":38,"column":4},"end":{"line":38,"column":79}},"13":{"start":{"line":41,"column":18},"end":{"line":41,"column":45}},"14":{"start":{"line":45,"column":2},"end":{"line":64,"column":4}},"15":{"start":{"line":53,"column":3},"end":{"line":57,"column":3}},"16":{"start":{"line":54,"column":3},"end":{"line":56,"column":5}},"17":{"start":{"line":59,"column":2},"end":{"line":62,"column":47}},"18":{"start":{"line":61,"column":18},"end":{"line":61,"column":46}},"19":{"start":{"line":62,"column":18},"end":{"line":62,"column":45}},"20":{"start":{"line":69,"column":2},"end":{"line":72,"column":47}},"21":{"start":{"line":71,"column":17},"end":{"line":71,"column":44}},"22":{"start":{"line":72,"column":18},"end":{"line":72,"column":45}},"23":{"start":{"line":79,"column":2},"end":{"line":84,"column":47}},"24":{"start":{"line":81,"column":16},"end":{"line":83,"column":3}},"25":{"start":{"line":84,"column":18},"end":{"line":84,"column":45}},"26":{"start":{"line":88,"column":2},"end":{"line":108,"column":47}},"27":{"start":{"line":95,"column":3},"end":{"line":106,"column":48}},"28":{"start":{"line":105,"column":17},"end":{"line":105,"column":43}},"29":{"start":{"line":106,"column":19},"end":{"line":106,"column":46}},"30":{"start":{"line":108,"column":18},"end":{"line":108,"column":45}},"31":{"start":{"line":111,"column":2},"end":{"line":125,"column":47}},"32":{"start":{"line":118,"column":3},"end":{"line":123,"column":47}},"33":{"start":{"line":122,"column":17},"end":{"line":122,"column":72}},"34":{"start":{"line":123,"column":18},"end":{"line":123,"column":45}},"35":{"start":{"line":125,"column":18},"end":{"line":125,"column":45}}},"branchMap":{"1":{"line":22,"type":"if","locations":[{"start":{"line":22,"column":3},"end":{"line":22,"column":3}},{"start":{"line":22,"column":3},"end":{"line":22,"column":3}}]},"2":{"line":53,"type":"if","locations":[{"start":{"line":53,"column":3},"end":{"line":53,"column":3}},{"start":{"line":53,"column":3},"end":{"line":53,"column":3}}]},"3":{"line":97,"type":"binary-expr","locations":[{"start":{"line":97,"column":14},"end":{"line":97,"column":32}},{"start":{"line":97,"column":36},"end":{"line":97,"column":50}}]},"4":{"line":98,"type":"binary-expr","locations":[{"start":{"line":98,"column":13},"end":{"line":98,"column":30}},{"start":{"line":98,"column":34},"end":{"line":98,"column":47}}]},"5":{"line":99,"type":"binary-expr","locations":[{"start":{"line":99,"column":10},"end":{"line":99,"column":24}},{"start":{"line":99,"column":28},"end":{"line":99,"column":38}}]},"6":{"line":100,"type":"binary-expr","locations":[{"start":{"line":100,"column":13},"end":{"line":100,"column":30}},{"start":{"line":100,"column":34},"end":{"line":100,"column":47}}]},"7":{"line":101,"type":"binary-expr","locations":[{"start":{"line":101,"column":13},"end":{"line":101,"column":30}},{"start":{"line":101,"column":34},"end":{"line":101,"column":47}}]},"8":{"line":102,"type":"binary-expr","locations":[{"start":{"line":102,"column":13},"end":{"line":102,"column":30}},{"start":{"line":102,"column":34},"end":{"line":102,"column":47}}]},"9":{"line":103,"type":"binary-expr","locations":[{"start":{"line":103,"column":14},"end":{"line":103,"column":32}},{"start":{"line":103,"column":36},"end":{"line":103,"column":50}}]},"10":{"line":120,"type":"binary-expr","locations":[{"start":{"line":120,"column":14},"end":{"line":120,"column":31}},{"start":{"line":120,"column":35},"end":{"line":120,"column":48}}]}}},"C:\\Users\\TUTU GODFREY\\desktop\\hello-books\\server\\server\\models\\index.js":{"path":"C:\\Users\\TUTU GODFREY\\desktop\\hello-books\\server\\server\\models\\index.js","s":{"1":1,"2":1,"3":1,"4":1,"5":1,"6":1,"7":1,"8":1,"9":1,"10":0,"11":1,"12":1,"13":4,"14":3,"15":3,"16":1,"17":3,"18":0,"19":1,"20":1,"21":1},"b":{"1":[1,1],"2":[0,1],"3":[4,4,3],"4":[0,3]},"f":{},"fnMap":{},"statementMap":{"1":{"start":{"line":3,"column":0},"end":{"line":3,"column":32}},"2":{"start":{"line":4,"column":0},"end":{"line":4,"column":34}},"3":{"start":{"line":5,"column":0},"end":{"line":5,"column":39}},"4":{"start":{"line":6,"column":0},"end":{"line":6,"column":49}},"5":{"start":{"line":7,"column":0},"end":{"line":7,"column":56}},"6":{"start":{"line":9,"column":0},"end":{"line":9,"column":69}},"7":{"start":{"line":11,"column":0},"end":{"line":11,"column":21}},"8":{"start":{"line":13,"column":0},"end":{"line":13,"column":14}},"9":{"start":{"line":14,"column":0},"end":{"line":20,"column":1}},"10":{"start":{"line":15,"column":2},"end":{"line":15,"column":66}},"11":{"start":{"line":17,"column":2},"end":{"line":19,"column":2}},"12":{"start":{"line":22,"column":0},"end":{"line":32,"column":5}},"13":{"start":{"line":25,"column":4},"end":{"line":27,"column":30}},"14":{"start":{"line":30,"column":4},"end":{"line":30,"column":63}},"15":{"start":{"line":31,"column":4},"end":{"line":31,"column":27}},"16":{"start":{"line":34,"column":0},"end":{"line":38,"column":3}},"17":{"start":{"line":35,"column":2},"end":{"line":37,"column":3}},"18":{"start":{"line":36,"column":4},"end":{"line":36,"column":32}},"19":{"start":{"line":40,"column":0},"end":{"line":40,"column":25}},"20":{"start":{"line":41,"column":0},"end":{"line":41,"column":25}},"21":{"start":{"line":43,"column":0},"end":{"line":43,"column":20}}},"branchMap":{"1":{"line":7,"type":"binary-expr","locations":[{"start":{"line":7,"column":18},"end":{"line":7,"column":38}},{"start":{"line":7,"column":42},"end":{"line":7,"column":55}}]},"2":{"line":14,"type":"if","locations":[{"start":{"line":14,"column":0},"end":{"line":14,"column":0}},{"start":{"line":14,"column":0},"end":{"line":14,"column":0}}]},"3":{"line":25,"type":"binary-expr","locations":[{"start":{"line":25,"column":5},"end":{"line":25,"column":28}},{"start":{"line":26,"column":5},"end":{"line":26,"column":22}},{"start":{"line":27,"column":5},"end":{"line":27,"column":29}}]},"4":{"line":35,"type":"if","locations":[{"start":{"line":35,"column":2},"end":{"line":35,"column":2}},{"start":{"line":35,"column":2},"end":{"line":35,"column":2}}]}}},"C:\\Users\\TUTU GODFREY\\desktop\\hello-books\\server\\server\\models\\books.js":{"path":"C:\\Users\\TUTU GODFREY\\desktop\\hello-books\\server\\server\\models\\books.js","s":{"1":1,"2":1,"3":1},"b":{},"f":{},"fnMap":{},"statementMap":{"1":{"start":{"line":2,"column":0},"end":{"line":54,"column":2}},"2":{"start":{"line":4,"column":2},"end":{"line":52,"column":5}},"3":{"start":{"line":53,"column":2},"end":{"line":53,"column":15}}},"branchMap":{}},"C:\\Users\\TUTU GODFREY\\desktop\\hello-books\\server\\server\\models\\borrowedbooks.js":{"path":"C:\\Users\\TUTU GODFREY\\desktop\\hello-books\\server\\server\\models\\borrowedbooks.js","s":{"1":1,"2":1,"3":0,"4":1},"b":{},"f":{},"fnMap":{},"statementMap":{"1":{"start":{"line":2,"column":0},"end":{"line":31,"column":2}},"2":{"start":{"line":3,"column":2},"end":{"line":29,"column":5}},"3":{"start":{"line":23,"column":8},"end":{"line":26,"column":10}},"4":{"start":{"line":30,"column":2},"end":{"line":30,"column":23}}},"branchMap":{}},"C:\\Users\\TUTU GODFREY\\desktop\\hello-books\\server\\server\\models\\reguser.js":{"path":"C:\\Users\\TUTU GODFREY\\desktop\\hello-books\\server\\server\\models\\reguser.js","s":{"1":1,"2":1,"3":0,"4":1},"b":{},"f":{},"fnMap":{},"statementMap":{"1":{"start":{"line":2,"column":0},"end":{"line":51,"column":2}},"2":{"start":{"line":3,"column":2},"end":{"line":49,"column":5}},"3":{"start":{"line":41,"column":8},"end":{"line":44,"column":11}},"4":{"start":{"line":50,"column":2},"end":{"line":50,"column":18}}},"branchMap":{}},"C:\\Users\\TUTU GODFREY\\desktop\\hello-books\\server\\server\\controllers\\books.js":{"path":"C:\\Users\\TUTU GODFREY\\desktop\\hello-books\\server\\server\\controllers\\books.js","s":{"1":1,"2":1,"3":0,"4":0,"5":0,"6":0,"7":0,"8":0,"9":0,"10":0,"11":0,"12":0,"13":0,"14":0,"15":0,"16":0,"17":0,"18":0,"19":0,"20":0},"b":{"1":[0,0],"2":[0,0],"3":[0,0],"4":[0,0],"5":[0,0],"6":[0,0],"7":[0,0],"8":[0,0],"9":[0,0],"10":[0,0],"11":[0,0],"12":[0,0]},"f":{"1":0,"2":0,"3":0,"4":0},"fnMap":{"1":{"name":"(anonymous_1)","line":6,"loc":{"start":{"line":6,"column":10},"end":{"line":6,"column":21}}},"2":{"name":"(anonymous_2)","line":25,"loc":{"start":{"line":25,"column":10},"end":{"line":25,"column":21}}},"3":{"name":"(anonymous_3)","line":65,"loc":{"start":{"line":65,"column":9},"end":{"line":65,"column":20}}},"4":{"name":"(anonymous_4)","line":72,"loc":{"start":{"line":72,"column":11},"end":{"line":72,"column":22}}}},"statementMap":{"1":{"start":{"line":1,"column":0},"end":{"line":1,"column":41}},"2":{"start":{"line":3,"column":0},"end":{"line":82,"column":1}},"3":{"start":{"line":7,"column":2},"end":{"line":21,"column":46}},"4":{"start":{"line":20,"column":16},"end":{"line":20,"column":43}},"5":{"start":{"line":21,"column":17},"end":{"line":21,"column":44}},"6":{"start":{"line":26,"column":2},"end":{"line":60,"column":1}},"7":{"start":{"line":27,"column":2},"end":{"line":57,"column":46}},"8":{"start":{"line":34,"column":3},"end":{"line":38,"column":4}},"9":{"start":{"line":35,"column":4},"end":{"line":37,"column":6}},"10":{"start":{"line":40,"column":2},"end":{"line":54,"column":46}},"11":{"start":{"line":53,"column":16},"end":{"line":53,"column":43}},"12":{"start":{"line":54,"column":17},"end":{"line":54,"column":44}},"13":{"start":{"line":57,"column":17},"end":{"line":57,"column":44}},"14":{"start":{"line":59,"column":1},"end":{"line":59,"column":76}},"15":{"start":{"line":66,"column":2},"end":{"line":69,"column":47}},"16":{"start":{"line":68,"column":17},"end":{"line":68,"column":44}},"17":{"start":{"line":69,"column":18},"end":{"line":69,"column":45}},"18":{"start":{"line":73,"column":2},"end":{"line":80,"column":47}},"19":{"start":{"line":79,"column":16},"end":{"line":79,"column":104}},"20":{"start":{"line":80,"column":18},"end":{"line":80,"column":45}}},"branchMap":{"1":{"line":26,"type":"if","locations":[{"start":{"line":26,"column":2},"end":{"line":26,"column":2}},{"start":{"line":26,"column":2},"end":{"line":26,"column":2}}]},"2":{"line":34,"type":"if","locations":[{"start":{"line":34,"column":3},"end":{"line":34,"column":3}},{"start":{"line":34,"column":3},"end":{"line":34,"column":3}}]},"3":{"line":42,"type":"binary-expr","locations":[{"start":{"line":42,"column":13},"end":{"line":42,"column":31}},{"start":{"line":42,"column":35},"end":{"line":42,"column":49}}]},"4":{"line":43,"type":"binary-expr","locations":[{"start":{"line":43,"column":10},"end":{"line":43,"column":25}},{"start":{"line":43,"column":29},"end":{"line":43,"column":40}}]},"5":{"line":44,"type":"binary-expr","locations":[{"start":{"line":44,"column":8},"end":{"line":44,"column":21}},{"start":{"line":44,"column":25},"end":{"line":44,"column":34}}]},"6":{"line":45,"type":"binary-expr","locations":[{"start":{"line":45,"column":13},"end":{"line":45,"column":31}},{"start":{"line":45,"column":35},"end":{"line":45,"column":49}}]},"7":{"line":46,"type":"binary-expr","locations":[{"start":{"line":46,"column":12},"end":{"line":46,"column":29}},{"start":{"line":46,"column":33},"end":{"line":46,"column":46}}]},"8":{"line":47,"type":"binary-expr","locations":[{"start":{"line":47,"column":15},"end":{"line":47,"column":35}},{"start":{"line":47,"column":39},"end":{"line":47,"column":55}}]},"9":{"line":48,"type":"binary-expr","locations":[{"start":{"line":48,"column":17},"end":{"line":48,"column":39}},{"start":{"line":48,"column":43},"end":{"line":48,"column":61}}]},"10":{"line":49,"type":"binary-expr","locations":[{"start":{"line":49,"column":15},"end":{"line":49,"column":35}},{"start":{"line":49,"column":39},"end":{"line":49,"column":55}}]},"11":{"line":50,"type":"binary-expr","locations":[{"start":{"line":50,"column":12},"end":{"line":50,"column":29}},{"start":{"line":50,"column":33},"end":{"line":50,"column":46}}]},"12":{"line":51,"type":"binary-expr","locations":[{"start":{"line":51,"column":12},"end":{"line":51,"column":29}},{"start":{"line":51,"column":33},"end":{"line":51,"column":46}}]}}},"C:\\Users\\TUTU GODFREY\\desktop\\hello-books\\server\\server\\controllers\\borrowbooks.js":{"path":"C:\\Users\\TUTU GODFREY\\desktop\\hello-books\\server\\server\\controllers\\borrowbooks.js","s":{"1":1,"2":1,"3":1,"4":1,"5":0,"6":0,"7":0,"8":0,"9":0,"10":0,"11":0,"12":0,"13":0,"14":0,"15":0,"16":0,"17":0,"18":0,"19":0,"20":0,"21":0,"22":0,"23":0,"24":0,"25":0,"26":0,"27":0,"28":0,"29":0,"30":0,"31":0,"32":0,"33":0,"34":0,"35":0,"36":0,"37":0,"38":0,"39":0,"40":0,"41":0,"42":0,"43":0},"b":{"1":[0,0],"2":[0,0],"3":[0,0],"4":[0,0],"5":[0,0],"6":[0,0]},"f":{"1":0,"2":0,"3":0,"4":0,"5":0},"fnMap":{"1":{"name":"(anonymous_1)","line":9,"loc":{"start":{"line":9,"column":12},"end":{"line":9,"column":22}}},"2":{"name":"(anonymous_2)","line":69,"loc":{"start":{"line":69,"column":16},"end":{"line":69,"column":27}}},"3":{"name":"(anonymous_3)","line":82,"loc":{"start":{"line":82,"column":11},"end":{"line":82,"column":22}}},"4":{"name":"(anonymous_4)","line":118,"loc":{"start":{"line":118,"column":14},"end":{"line":118,"column":25}}},"5":{"name":"(anonymous_5)","line":133,"loc":{"start":{"line":133,"column":14},"end":{"line":133,"column":25}}}},"statementMap":{"1":{"start":{"line":2,"column":0},"end":{"line":2,"column":55}},"2":{"start":{"line":3,"column":0},"end":{"line":3,"column":47}},"3":{"start":{"line":4,"column":0},"end":{"line":4,"column":41}},"4":{"start":{"line":7,"column":0},"end":{"line":141,"column":1}},"5":{"start":{"line":10,"column":2},"end":{"line":66,"column":47}},"6":{"start":{"line":13,"column":3},"end":{"line":17,"column":4}},"7":{"start":{"line":14,"column":4},"end":{"line":16,"column":7}},"8":{"start":{"line":18,"column":3},"end":{"line":64,"column":48}},"9":{"start":{"line":21,"column":4},"end":{"line":29,"column":5}},"10":{"start":{"line":22,"column":5},"end":{"line":24,"column":7}},"11":{"start":{"line":25,"column":12},"end":{"line":29,"column":5}},"12":{"start":{"line":26,"column":5},"end":{"line":28,"column":7}},"13":{"start":{"line":31,"column":4},"end":{"line":62,"column":49}},"14":{"start":{"line":40,"column":5},"end":{"line":60,"column":9}},"15":{"start":{"line":41,"column":7},"end":{"line":41,"column":67}},"16":{"start":{"line":43,"column":9},"end":{"line":59,"column":53}},"17":{"start":{"line":50,"column":9},"end":{"line":57,"column":10}},"18":{"start":{"line":51,"column":10},"end":{"line":56,"column":58}},"19":{"start":{"line":55,"column":31},"end":{"line":55,"column":61}},"20":{"start":{"line":56,"column":29},"end":{"line":56,"column":56}},"21":{"start":{"line":59,"column":24},"end":{"line":59,"column":51}},"22":{"start":{"line":62,"column":20},"end":{"line":62,"column":47}},"23":{"start":{"line":64,"column":19},"end":{"line":64,"column":46}},"24":{"start":{"line":66,"column":18},"end":{"line":66,"column":45}},"25":{"start":{"line":70,"column":2},"end":{"line":78,"column":48}},"26":{"start":{"line":77,"column":18},"end":{"line":77,"column":45}},"27":{"start":{"line":78,"column":19},"end":{"line":78,"column":46}},"28":{"start":{"line":83,"column":2},"end":{"line":115,"column":47}},"29":{"start":{"line":92,"column":3},"end":{"line":112,"column":48}},"30":{"start":{"line":98,"column":4},"end":{"line":110,"column":49}},"31":{"start":{"line":101,"column":5},"end":{"line":108,"column":6}},"32":{"start":{"line":102,"column":6},"end":{"line":107,"column":51}},"33":{"start":{"line":106,"column":24},"end":{"line":106,"column":54}},"34":{"start":{"line":107,"column":22},"end":{"line":107,"column":49}},"35":{"start":{"line":110,"column":20},"end":{"line":110,"column":47}},"36":{"start":{"line":112,"column":19},"end":{"line":112,"column":46}},"37":{"start":{"line":115,"column":18},"end":{"line":115,"column":45}},"38":{"start":{"line":119,"column":2},"end":{"line":127,"column":47}},"39":{"start":{"line":126,"column":17},"end":{"line":126,"column":44}},"40":{"start":{"line":127,"column":18},"end":{"line":127,"column":45}},"41":{"start":{"line":134,"column":2},"end":{"line":137,"column":47}},"42":{"start":{"line":136,"column":17},"end":{"line":136,"column":44}},"43":{"start":{"line":137,"column":18},"end":{"line":137,"column":45}}},"branchMap":{"1":{"line":13,"type":"if","locations":[{"start":{"line":13,"column":3},"end":{"line":13,"column":3}},{"start":{"line":13,"column":3},"end":{"line":13,"column":3}}]},"2":{"line":21,"type":"if","locations":[{"start":{"line":21,"column":4},"end":{"line":21,"column":4}},{"start":{"line":21,"column":4},"end":{"line":21,"column":4}}]},"3":{"line":25,"type":"if","locations":[{"start":{"line":25,"column":12},"end":{"line":25,"column":12}},{"start":{"line":25,"column":12},"end":{"line":25,"column":12}}]},"4":{"line":40,"type":"if","locations":[{"start":{"line":40,"column":5},"end":{"line":40,"column":5}},{"start":{"line":40,"column":5},"end":{"line":40,"column":5}}]},"5":{"line":50,"type":"if","locations":[{"start":{"line":50,"column":9},"end":{"line":50,"column":9}},{"start":{"line":50,"column":9},"end":{"line":50,"column":9}}]},"6":{"line":101,"type":"if","locations":[{"start":{"line":101,"column":5},"end":{"line":101,"column":5}},{"start":{"line":101,"column":5},"end":{"line":101,"column":5}}]}}}}