TN:
SF:C:\Users\TUTU GODFREY\desktop\hello-books\server\app.js
FNF:0
FNH:0
DA:1,1
DA:2,1
DA:3,1
DA:7,1
DA:10,1
DA:13,1
DA:14,1
DA:16,1
DA:18,1
LF:9
LH:9
BRF:0
BRH:0
end_of_record
TN:
SF:C:\Users\TUTU GODFREY\desktop\hello-books\server\server\routes\index.js
FNF:0
FNH:0
DA:2,1
DA:3,1
DA:4,1
DA:8,1
DA:10,1
DA:14,1
DA:15,1
DA:16,1
DA:17,1
DA:18,1
DA:19,1
DA:23,1
DA:24,1
DA:25,1
DA:26,1
DA:29,1
DA:31,1
DA:32,1
DA:33,1
DA:34,1
LF:20
LH:20
BRF:0
BRH:0
end_of_record
TN:
SF:C:\Users\TUTU GODFREY\desktop\hello-books\server\server\controllers\index.js
FNF:0
FNH:0
DA:1,1
DA:2,1
DA:3,1
DA:5,1
LF:4
LH:4
BRF:0
BRH:0
end_of_record
TN:
SF:C:\Users\TUTU GODFREY\desktop\hello-books\server\server\controllers\reguser.js
FN:7,(anonymous_1)
FN:11,(anonymous_2)
FN:44,(anonymous_3)
FN:68,(anonymous_4)
FN:75,(anonymous_5)
FN:87,(anonymous_6)
FN:110,(anonymous_7)
FNF:7
FNH:1
FNDA:0,(anonymous_1)
FNDA:0,(anonymous_2)
FNDA:0,(anonymous_3)
FNDA:2,(anonymous_4)
FNDA:0,(anonymous_5)
FNDA:0,(anonymous_6)
FNDA:0,(anonymous_7)
DA:3,1
DA:4,1
DA:6,1
DA:9,0
DA:12,0
DA:13,0
DA:14,0
DA:22,0
DA:23,0
DA:34,0
DA:35,0
DA:38,0
DA:41,0
DA:45,0
DA:53,0
DA:54,0
DA:59,0
DA:61,0
DA:62,0
DA:69,2
DA:71,2
DA:72,0
DA:79,0
DA:81,0
DA:84,0
DA:88,0
DA:95,0
DA:105,0
DA:106,0
DA:108,0
DA:111,0
DA:118,0
DA:122,0
DA:123,0
DA:125,0
LF:35
LH:5
BRDA:22,1,0,0
BRDA:22,1,1,0
BRDA:53,2,0,0
BRDA:53,2,1,0
BRDA:97,3,0,0
BRDA:97,3,1,0
BRDA:98,4,0,0
BRDA:98,4,1,0
BRDA:99,5,0,0
BRDA:99,5,1,0
BRDA:100,6,0,0
BRDA:100,6,1,0
BRDA:101,7,0,0
BRDA:101,7,1,0
BRDA:102,8,0,0
BRDA:102,8,1,0
BRDA:103,9,0,0
BRDA:103,9,1,0
BRDA:120,10,0,0
BRDA:120,10,1,0
BRF:20
BRH:0
end_of_record
TN:
SF:C:\Users\TUTU GODFREY\desktop\hello-books\server\server\models\index.js
FNF:0
FNH:0
DA:3,1
DA:4,1
DA:5,1
DA:6,1
DA:7,1
DA:9,1
DA:11,1
DA:13,1
DA:14,1
DA:15,0
DA:17,1
DA:22,1
DA:25,4
DA:30,3
DA:31,3
DA:34,1
DA:35,3
DA:36,0
DA:40,1
DA:41,1
DA:43,1
LF:21
LH:19
BRDA:7,1,0,1
BRDA:7,1,1,1
BRDA:14,2,0,0
BRDA:14,2,1,1
BRDA:25,3,0,4
BRDA:25,3,1,4
BRDA:25,3,2,3
BRDA:35,4,0,0
BRDA:35,4,1,3
BRF:9
BRH:7
end_of_record
TN:
SF:C:\Users\TUTU GODFREY\desktop\hello-books\server\server\models\books.js
FNF:0
FNH:0
DA:2,1
DA:4,1
DA:53,1
LF:3
LH:3
BRF:0
BRH:0
end_of_record
TN:
SF:C:\Users\TUTU GODFREY\desktop\hello-books\server\server\models\borrowedbooks.js
FNF:0
FNH:0
DA:2,1
DA:3,1
DA:23,0
DA:30,1
LF:4
LH:3
BRF:0
BRH:0
end_of_record
TN:
SF:C:\Users\TUTU GODFREY\desktop\hello-books\server\server\models\reguser.js
FNF:0
FNH:0
DA:2,1
DA:3,1
DA:41,0
DA:50,1
LF:4
LH:3
BRF:0
BRH:0
end_of_record
TN:
SF:C:\Users\TUTU GODFREY\desktop\hello-books\server\server\controllers\books.js
FN:6,(anonymous_1)
FN:25,(anonymous_2)
FN:65,(anonymous_3)
FN:72,(anonymous_4)
FNF:4
FNH:0
FNDA:0,(anonymous_1)
FNDA:0,(anonymous_2)
FNDA:0,(anonymous_3)
FNDA:0,(anonymous_4)
DA:1,1
DA:3,1
DA:7,0
DA:20,0
DA:21,0
DA:26,0
DA:27,0
DA:34,0
DA:35,0
DA:40,0
DA:53,0
DA:54,0
DA:57,0
DA:59,0
DA:66,0
DA:68,0
DA:69,0
DA:73,0
DA:79,0
DA:80,0
LF:20
LH:2
BRDA:26,1,0,0
BRDA:26,1,1,0
BRDA:34,2,0,0
BRDA:34,2,1,0
BRDA:42,3,0,0
BRDA:42,3,1,0
BRDA:43,4,0,0
BRDA:43,4,1,0
BRDA:44,5,0,0
BRDA:44,5,1,0
BRDA:45,6,0,0
BRDA:45,6,1,0
BRDA:46,7,0,0
BRDA:46,7,1,0
BRDA:47,8,0,0
BRDA:47,8,1,0
BRDA:48,9,0,0
BRDA:48,9,1,0
BRDA:49,10,0,0
BRDA:49,10,1,0
BRDA:50,11,0,0
BRDA:50,11,1,0
BRDA:51,12,0,0
BRDA:51,12,1,0
BRF:24
BRH:0
end_of_record
TN:
SF:C:\Users\TUTU GODFREY\desktop\hello-books\server\server\controllers\borrowbooks.js
FN:9,(anonymous_1)
FN:69,(anonymous_2)
FN:82,(anonymous_3)
FN:118,(anonymous_4)
FN:133,(anonymous_5)
FNF:5
FNH:0
FNDA:0,(anonymous_1)
FNDA:0,(anonymous_2)
FNDA:0,(anonymous_3)
FNDA:0,(anonymous_4)
FNDA:0,(anonymous_5)
DA:2,1
DA:3,1
DA:4,1
DA:7,1
DA:10,0
DA:13,0
DA:14,0
DA:18,0
DA:21,0
DA:22,0
DA:25,0
DA:26,0
DA:31,0
DA:40,0
DA:41,0
DA:43,0
DA:50,0
DA:51,0
DA:55,0
DA:56,0
DA:59,0
DA:62,0
DA:64,0
DA:66,0
DA:70,0
DA:77,0
DA:78,0
DA:83,0
DA:92,0
DA:98,0
DA:101,0
DA:102,0
DA:106,0
DA:107,0
DA:110,0
DA:112,0
DA:115,0
DA:119,0
DA:126,0
DA:127,0
DA:134,0
DA:136,0
DA:137,0
LF:43
LH:4
BRDA:13,1,0,0
BRDA:13,1,1,0
BRDA:21,2,0,0
BRDA:21,2,1,0
BRDA:25,3,0,0
BRDA:25,3,1,0
BRDA:40,4,0,0
BRDA:40,4,1,0
BRDA:50,5,0,0
BRDA:50,5,1,0
BRDA:101,6,0,0
BRDA:101,6,1,0
BRF:12
BRH:0
end_of_record
